#
# There is insufficient memory for the Java Runtime Environment to continue.
# Native memory allocation (malloc) failed to allocate 203056 bytes for Chunk::new
# Possible reasons:
#   The system is out of physical RAM or swap space
#   The process is running with CompressedOops enabled, and the Java Heap may be blocking the growth of the native heap
# Possible solutions:
#   Reduce memory load on the system
#   Increase physical memory or swap space
#   Check if swap backing store is full
#   Decrease Java heap size (-Xmx/-Xms)
#   Decrease number of Java threads
#   Decrease Java thread stack sizes (-Xss)
#   Set larger code cache with -XX:ReservedCodeCacheSize=
#   JVM is running with Unscaled Compressed Oops mode in which the Java heap is
#     placed in the first 4GB address space. The Java Heap base address is the
#     maximum limit for the native heap growth. Please use -XX:HeapBaseMinAddress
#     to set the Java Heap base and to place the Java Heap above 4GB virtual address.
# This output file may be truncated or incomplete.
#
#  Out of Memory Error (allocation.cpp:389), pid=10648, tid=0x0000000000009288
#
# JRE version: Java(TM) SE Runtime Environment (8.0_421) (build 1.8.0_421-b09)
# Java VM: Java HotSpot(TM) 64-Bit Server VM (25.421-b09 mixed mode windows-amd64 compressed oops)
# Failed to write core dump. Minidumps are not enabled by default on client versions of Windows
#

---------------  T H R E A D  ---------------

Current thread (0x000001457dcdb000):  JavaThread "C2 CompilerThread1" daemon [_thread_in_native, id=37512, stack(0x0000000414800000,0x0000000414900000)]

Stack: [0x0000000414800000,0x0000000414900000]
Native frames: (J=compiled Java code, j=interpreted, Vv=VM code, C=native code)
V  [jvm.dll+0x34bb09]
V  [jvm.dll+0x288eb2]
V  [jvm.dll+0x289a80]
V  [jvm.dll+0x27dd05]
V  [jvm.dll+0xd9d8c]
V  [jvm.dll+0xda71c]
V  [jvm.dll+0x475592]
V  [jvm.dll+0x4b5ab7]
V  [jvm.dll+0x4639da]
V  [jvm.dll+0x460ea9]
V  [jvm.dll+0x44ac7c]
V  [jvm.dll+0xaf385]
V  [jvm.dll+0xada9f]
V  [jvm.dll+0x24e5d9]
V  [jvm.dll+0x2a59dc]
C  [ucrtbase.dll+0x29333]
C  [KERNEL32.DLL+0x1257d]
C  [ntdll.dll+0x5af28]


Current CompileTask:
C2:   1457  828   !   4       sun.misc.URLClassPath$JarLoader::getResource (85 bytes)


---------------  P R O C E S S  ---------------

Java Threads: ( => current thread )
  0x00000145002f5800 JavaThread "/127.0.0.1:51602 to /127.0.0.1:51600 workers Thread 3" [_thread_in_native, id=38548, stack(0x0000000415000000,0x0000000415100000)]
  0x00000145002f3000 JavaThread "/127.0.0.1:51602 to /127.0.0.1:51600 workers Thread 2" [_thread_blocked, id=16456, stack(0x0000000414f00000,0x0000000415000000)]
  0x0000014500234000 JavaThread "/127.0.0.1:51602 to /127.0.0.1:51600 workers" [_thread_in_Java, id=26704, stack(0x0000000414e00000,0x0000000414f00000)]
  0x00000145000d5800 JavaThread "Memory manager" [_thread_blocked, id=37144, stack(0x0000000414d00000,0x0000000414e00000)]
  0x000001457dd0e000 JavaThread "Service Thread" daemon [_thread_blocked, id=11420, stack(0x0000000414a00000,0x0000000414b00000)]
  0x000001457dd0c800 JavaThread "C1 CompilerThread2" daemon [_thread_blocked, id=20828, stack(0x0000000414900000,0x0000000414a00000)]
=>0x000001457dcdb000 JavaThread "C2 CompilerThread1" daemon [_thread_in_native, id=37512, stack(0x0000000414800000,0x0000000414900000)]
  0x000001457dcd9000 JavaThread "C2 CompilerThread0" daemon [_thread_in_native, id=29352, stack(0x0000000414700000,0x0000000414800000)]
  0x000001457dcd5000 JavaThread "Attach Listener" daemon [_thread_blocked, id=1492, stack(0x0000000414600000,0x0000000414700000)]
  0x000001457dcd4800 JavaThread "Signal Dispatcher" daemon [_thread_blocked, id=16444, stack(0x0000000414500000,0x0000000414600000)]
  0x000001457dc40800 JavaThread "Finalizer" daemon [_thread_blocked, id=36548, stack(0x0000000414400000,0x0000000414500000)]
  0x000001457dc18000 JavaThread "Reference Handler" daemon [_thread_blocked, id=19992, stack(0x0000000414300000,0x0000000414400000)]
  0x000001456799f000 JavaThread "main" [_thread_blocked, id=30352, stack(0x0000000413d00000,0x0000000413e00000)]

Other Threads:
  0x000001457dc0c000 VMThread [stack: 0x0000000414200000,0x0000000414300000] [id=35800]
  0x000001457ef10000 WatcherThread [stack: 0x0000000414b00000,0x0000000414c00000] [id=18524]

VM state:not at safepoint (normal execution)

VM Mutex/Monitor currently owned by a thread: None

heap address: 0x0000000083400000, size: 1996 MB, Compressed Oops mode: 32-bit
Narrow klass base: 0x0000000000000000, Narrow klass shift: 3
Compressed class space size: 1073741824 Address: 0x0000000100000000

Heap:
 PSYoungGen      total 37888K, used 18481K [0x00000000d6700000, 0x00000000d9100000, 0x0000000100000000)
  eden space 32768K, 45% used [0x00000000d6700000,0x00000000d759eba0,0x00000000d8700000)
  from space 5120K, 68% used [0x00000000d8700000,0x00000000d8a6d9b0,0x00000000d8c00000)
  to   space 5120K, 0% used [0x00000000d8c00000,0x00000000d8c00000,0x00000000d9100000)
 ParOldGen       total 86016K, used 16K [0x0000000083400000, 0x0000000088800000, 0x00000000d6700000)
  object space 86016K, 0% used [0x0000000083400000,0x0000000083404000,0x0000000088800000)
 Metaspace       used 9433K, capacity 9718K, committed 9856K, reserved 1058816K
  class space    used 1259K, capacity 1383K, committed 1408K, reserved 1048576K

Card table byte_map: [0x0000014578750000,0x0000014578b40000] byte_map_base: 0x0000014578336000

Marking Bits: (ParMarkBitMap*) 0x00007ffbf6acf200
 Begin Bits: [0x0000014578de0000, 0x000001457ad10000)
 End Bits:   [0x000001457ad10000, 0x000001457cc40000)

Polling page: 0x0000014567b10000

CodeCache: size=245760Kb used=3287Kb max_used=3292Kb free=242472Kb
 bounds [0x0000014569390000, 0x00000145696d0000, 0x0000014578390000]
 total_blobs=1175 nmethods=836 adapters=252
 compilation: enabled

Compilation events (10 events):
Event: 1.416 Thread 0x000001457dd0c800  827       3       java.util.regex.Pattern::has (15 bytes)
Event: 1.416 Thread 0x000001457dd0c800 nmethod 827 0x00000145696b7950 code [0x00000145696b7aa0, 0x00000145696b7c58]
Event: 1.419 Thread 0x000001457dcdb000  828   !   4       sun.misc.URLClassPath$JarLoader::getResource (85 bytes)
Event: 1.420 Thread 0x000001457dd0c800  829   !   3       java.net.URL::<init> (543 bytes)
Event: 1.423 Thread 0x000001457dcd9000  830       4       java.util.jar.JarFile::getEntry (22 bytes)
Event: 1.423 Thread 0x000001457dd0c800 nmethod 829 0x00000145696bfe10 code [0x00000145696c02c0, 0x00000145696c33e0]
Event: 1.424 Thread 0x000001457dd0c800  832       3       java.util.HashSet::<init> (16 bytes)
Event: 1.424 Thread 0x000001457dd0c800 nmethod 832 0x00000145696ba950 code [0x00000145696baae0, 0x00000145696baef8]
Event: 1.425 Thread 0x000001457dcd9000 nmethod 830 0x00000145696c85d0 code [0x00000145696c8720, 0x00000145696c8948]
Event: 1.425 Thread 0x000001457dcd9000  831       4       java.util.jar.JarFile::getJarEntry (9 bytes)

GC Heap History (2 events):
Event: 0.933 GC heap before
{Heap before GC invocations=1 (full 0):
 PSYoungGen      total 37888K, used 32768K [0x00000000d6700000, 0x00000000d9100000, 0x0000000100000000)
  eden space 32768K, 100% used [0x00000000d6700000,0x00000000d8700000,0x00000000d8700000)
  from space 5120K, 0% used [0x00000000d8c00000,0x00000000d8c00000,0x00000000d9100000)
  to   space 5120K, 0% used [0x00000000d8700000,0x00000000d8700000,0x00000000d8c00000)
 ParOldGen       total 86016K, used 0K [0x0000000083400000, 0x0000000088800000, 0x00000000d6700000)
  object space 86016K, 0% used [0x0000000083400000,0x0000000083400000,0x0000000088800000)
 Metaspace       used 7762K, capacity 8038K, committed 8320K, reserved 1056768K
  class space    used 1001K, capacity 1103K, committed 1152K, reserved 1048576K
Event: 0.937 GC heap after
Heap after GC invocations=1 (full 0):
 PSYoungGen      total 37888K, used 3510K [0x00000000d6700000, 0x00000000d9100000, 0x0000000100000000)
  eden space 32768K, 0% used [0x00000000d6700000,0x00000000d6700000,0x00000000d8700000)
  from space 5120K, 68% used [0x00000000d8700000,0x00000000d8a6d9b0,0x00000000d8c00000)
  to   space 5120K, 0% used [0x00000000d8c00000,0x00000000d8c00000,0x00000000d9100000)
 ParOldGen       total 86016K, used 16K [0x0000000083400000, 0x0000000088800000, 0x00000000d6700000)
  object space 86016K, 0% used [0x0000000083400000,0x0000000083404000,0x0000000088800000)
 Metaspace       used 7762K, capacity 8038K, committed 8320K, reserved 1056768K
  class space    used 1001K, capacity 1103K, committed 1152K, reserved 1048576K
}

Deoptimization events (7 events):
Event: 0.668 Thread 0x000001456799f000 Uncommon trap: reason=loop_limit_check action=maybe_recompile pc=0x00000145695066ec method=java.lang.String.equals(Ljava/lang/Object;)Z @ 56
Event: 0.673 Thread 0x000001456799f000 Uncommon trap: reason=unstable_if action=reinterpret pc=0x0000014569571004 method=sun.misc.MetaIndex.mayContain(Ljava/lang/String;)Z @ 13
Event: 0.685 Thread 0x000001456799f000 Uncommon trap: reason=null_check action=make_not_entrant pc=0x00000145695e34b8 method=java.lang.String.equals(Ljava/lang/Object;)Z @ 8
Event: 0.812 Thread 0x000001456799f000 Uncommon trap: reason=loop_limit_check action=maybe_recompile pc=0x00000145696009d8 method=java.lang.String.indexOf([CII[CIII)I @ 79
Event: 0.819 Thread 0x000001456799f000 Uncommon trap: reason=unstable_if action=reinterpret pc=0x0000014569624948 method=java.util.HashMap.getNode(ILjava/lang/Object;)Ljava/util/HashMap$Node; @ 129
Event: 1.147 Thread 0x000001456799f000 Uncommon trap: reason=unstable_if action=reinterpret pc=0x0000014569552a68 method=java.io.WinNTFileSystem.normalize(Ljava/lang/String;)Ljava/lang/String; @ 128
Event: 1.147 Thread 0x000001456799f000 Uncommon trap: reason=unstable_if action=reinterpret pc=0x00000145695298e0 method=java.io.WinNTFileSystem.normalize(Ljava/lang/String;II)Ljava/lang/String; @ 8

Classes redefined (0 events):
No events

Internal exceptions (10 events):
Event: 1.344 Thread 0x00000145002f5800 Exception <a 'java/lang/NoSuchMethodError': <clinit>> (0x00000000d6f552f0) thrown at [C:\jenkins\workspace\8-2-build-windows-x64-cygwin-sans-NAS\jdk8u421\1068\hotspot\src\share\vm\prims\jni.cpp, line 1620]
Event: 1.345 Thread 0x00000145002f5800 Exception <a 'java/lang/NoSuchMethodError': <clinit>> (0x00000000d6f71c18) thrown at [C:\jenkins\workspace\8-2-build-windows-x64-cygwin-sans-NAS\jdk8u421\1068\hotspot\src\share\vm\prims\jni.cpp, line 1620]
Event: 1.346 Thread 0x00000145002f5800 Exception <a 'java/lang/NoSuchMethodError': <clinit>> (0x00000000d6f8f5e8) thrown at [C:\jenkins\workspace\8-2-build-windows-x64-cygwin-sans-NAS\jdk8u421\1068\hotspot\src\share\vm\prims\jni.cpp, line 1620]
Event: 1.351 Thread 0x00000145002f5800 Exception <a 'java/lang/NoSuchMethodError': <clinit>> (0x00000000d6ff2440) thrown at [C:\jenkins\workspace\8-2-build-windows-x64-cygwin-sans-NAS\jdk8u421\1068\hotspot\src\share\vm\prims\jni.cpp, line 1620]
Event: 1.354 Thread 0x00000145002f5800 Exception <a 'java/lang/NoSuchMethodError': <clinit>> (0x00000000d7038150) thrown at [C:\jenkins\workspace\8-2-build-windows-x64-cygwin-sans-NAS\jdk8u421\1068\hotspot\src\share\vm\prims\jni.cpp, line 1620]
Event: 1.355 Thread 0x00000145002f5800 Exception <a 'java/lang/NoSuchMethodError': <clinit>> (0x00000000d7044088) thrown at [C:\jenkins\workspace\8-2-build-windows-x64-cygwin-sans-NAS\jdk8u421\1068\hotspot\src\share\vm\prims\jni.cpp, line 1620]
Event: 1.378 Thread 0x00000145002f5800 Exception <a 'java/lang/NoSuchMethodError': <clinit>> (0x00000000d7163d48) thrown at [C:\jenkins\workspace\8-2-build-windows-x64-cygwin-sans-NAS\jdk8u421\1068\hotspot\src\share\vm\prims\jni.cpp, line 1620]
Event: 1.390 Thread 0x00000145002f5800 Exception <a 'java/lang/NoSuchMethodError': <clinit>> (0x00000000d71b67a8) thrown at [C:\jenkins\workspace\8-2-build-windows-x64-cygwin-sans-NAS\jdk8u421\1068\hotspot\src\share\vm\prims\jni.cpp, line 1620]
Event: 1.391 Thread 0x00000145002f5800 Exception <a 'java/lang/NoSuchMethodError': <clinit>> (0x00000000d71bfb68) thrown at [C:\jenkins\workspace\8-2-build-windows-x64-cygwin-sans-NAS\jdk8u421\1068\hotspot\src\share\vm\prims\jni.cpp, line 1620]
Event: 1.402 Thread 0x0000014500234000 Exception <a 'java/lang/NoClassDefFoundError': org/slf4j/impl/StaticMarkerBinder> (0x00000000d7270cc0) thrown at [C:\jenkins\workspace\8-2-build-windows-x64-cygwin-sans-NAS\jdk8u421\1068\hotspot\src\share\vm\classfile\systemDictionary.cpp, line 202]

Events (10 events):
Event: 1.423 loading class org/gradle/internal/featurelifecycle/LoggingDeprecatedFeatureHandler$DoNothingReporter
Event: 1.423 loading class org/gradle/internal/featurelifecycle/LoggingDeprecatedFeatureHandler$DoNothingReporter done
Event: 1.424 loading class org/gradle/internal/featurelifecycle/LoggingIncubatingFeatureHandler
Event: 1.424 loading class org/gradle/internal/featurelifecycle/LoggingIncubatingFeatureHandler done
Event: 1.426 loading class org/gradle/internal/jvm/Jre
Event: 1.426 loading class org/gradle/internal/jvm/Jre done
Event: 1.426 loading class org/gradle/internal/jvm/Jvm$DefaultJre
Event: 1.426 loading class org/gradle/internal/jvm/Jvm$DefaultJre done
Event: 1.426 loading class org/gradle/internal/jvm/JavaHomeException
Event: 1.426 loading class org/gradle/internal/jvm/JavaHomeException done


Dynamic libraries:
0x00007ff620d80000 - 0x00007ff620dcf000 	C:\Program Files\Java\jre1.8.0_421\bin\java.exe
0x00007ffc428b0000 - 0x00007ffc42ac7000 	C:\WINDOWS\SYSTEM32\ntdll.dll
0x00007ffc41180000 - 0x00007ffc41244000 	C:\WINDOWS\System32\KERNEL32.DLL
0x00007ffc3fc00000 - 0x00007ffc3ffad000 	C:\WINDOWS\System32\KERNELBASE.dll
0x00007ffc3bb10000 - 0x00007ffc3bba7000 	C:\WINDOWS\SYSTEM32\apphelp.dll
0x0000000075df0000 - 0x0000000076120000 	C:\Program Files\Norton Security\NortonData\22.23.5.106\Definitions\IPSDefs\20220922.063\IPSEng64.dll
0x00007ffc427b0000 - 0x00007ffc42862000 	C:\WINDOWS\System32\ADVAPI32.dll
0x00007ffc42700000 - 0x00007ffc427a7000 	C:\WINDOWS\System32\msvcrt.dll
0x00007ffc413a0000 - 0x00007ffc41449000 	C:\WINDOWS\System32\sechost.dll
0x00007ffc3fbd0000 - 0x00007ffc3fbf8000 	C:\WINDOWS\System32\bcrypt.dll
0x00007ffc41280000 - 0x00007ffc41394000 	C:\WINDOWS\System32\RPCRT4.dll
0x00007ffc41080000 - 0x00007ffc41088000 	C:\WINDOWS\System32\PSAPI.DLL
0x00007ffc40d20000 - 0x00007ffc40ece000 	C:\WINDOWS\System32\USER32.dll
0x00007ffc40480000 - 0x00007ffc404a6000 	C:\WINDOWS\System32\win32u.dll
0x00007ffc41250000 - 0x00007ffc41279000 	C:\WINDOWS\System32\GDI32.dll
0x00007ffc3ffb0000 - 0x00007ffc400c9000 	C:\WINDOWS\System32\gdi32full.dll
0x00007ffc403e0000 - 0x00007ffc4047a000 	C:\WINDOWS\System32\msvcp_win.dll
0x00007ffc402c0000 - 0x00007ffc403d1000 	C:\WINDOWS\System32\ucrtbase.dll
0x00007ffc27610000 - 0x00007ffc278a3000 	C:\WINDOWS\WinSxS\amd64_microsoft.windows.common-controls_6595b64144ccf1df_6.0.22621.3672_none_2713b9d173822955\COMCTL32.dll
0x00007ffc41090000 - 0x00007ffc410c1000 	C:\WINDOWS\System32\IMM32.DLL
0x00007ffc19820000 - 0x00007ffc1983b000 	C:\Program Files\Java\jre1.8.0_421\bin\vcruntime140.dll
0x00007ffc38e00000 - 0x00007ffc38e0c000 	C:\Program Files\Java\jre1.8.0_421\bin\vcruntime140_1.dll
0x00007ffbfdd40000 - 0x00007ffbfddce000 	C:\Program Files\Java\jre1.8.0_421\bin\msvcp140.dll
0x00007ffbf62a0000 - 0x00007ffbf6b49000 	C:\Program Files\Java\jre1.8.0_421\bin\server\jvm.dll
0x00007ffc390d0000 - 0x00007ffc39104000 	C:\WINDOWS\SYSTEM32\WINMM.dll
0x00007ffc08a40000 - 0x00007ffc08a49000 	C:\WINDOWS\SYSTEM32\WSOCK32.dll
0x00007ffc38810000 - 0x00007ffc3881a000 	C:\WINDOWS\SYSTEM32\VERSION.dll
0x00007ffc42680000 - 0x00007ffc426f1000 	C:\WINDOWS\System32\WS2_32.dll
0x00007ffc3ec00000 - 0x00007ffc3ec18000 	C:\WINDOWS\SYSTEM32\kernel.appcore.dll
0x00007ffc3b6e0000 - 0x00007ffc3b6f0000 	C:\Program Files\Java\jre1.8.0_421\bin\verify.dll
0x00007ffc35fb0000 - 0x00007ffc35fdb000 	C:\Program Files\Java\jre1.8.0_421\bin\java.dll
0x00007ffc3b3c0000 - 0x00007ffc3b3d8000 	C:\Program Files\Java\jre1.8.0_421\bin\zip.dll
0x00007ffc415d0000 - 0x00007ffc41e38000 	C:\WINDOWS\System32\SHELL32.dll
0x00007ffc422d0000 - 0x00007ffc423c9000 	C:\WINDOWS\System32\shcore.dll
0x00007ffc3db20000 - 0x00007ffc3e41e000 	C:\WINDOWS\SYSTEM32\windows.storage.dll
0x00007ffc41f40000 - 0x00007ffc422cd000 	C:\WINDOWS\System32\combase.dll
0x00007ffc3d9e0000 - 0x00007ffc3db1f000 	C:\WINDOWS\SYSTEM32\wintypes.dll
0x00007ffc405e0000 - 0x00007ffc4063e000 	C:\WINDOWS\System32\shlwapi.dll
0x00007ffc3fb00000 - 0x00007ffc3fb21000 	C:\WINDOWS\SYSTEM32\profapi.dll
0x00007ffc36110000 - 0x00007ffc3612c000 	C:\Program Files\Java\jre1.8.0_421\bin\net.dll
0x00007ffc3f070000 - 0x00007ffc3f0d9000 	C:\WINDOWS\system32\mswsock.dll
0x00007ffc2b310000 - 0x00007ffc2b323000 	C:\Program Files\Java\jre1.8.0_421\bin\nio.dll
0x00007ffc19240000 - 0x00007ffc1925e000 	C:\Users\anagq\.gradle\native\25\windows-amd64\native-platform.dll
0x00007ffc3f2d0000 - 0x00007ffc3f2eb000 	C:\WINDOWS\SYSTEM32\CRYPTSP.dll
0x00007ffc3eb60000 - 0x00007ffc3eb95000 	C:\WINDOWS\system32\rsaenh.dll
0x00007ffc3f170000 - 0x00007ffc3f198000 	C:\WINDOWS\SYSTEM32\USERENV.dll
0x00007ffc40240000 - 0x00007ffc402bb000 	C:\WINDOWS\System32\bcryptprimitives.dll
0x00007ffc3f2f0000 - 0x00007ffc3f2fc000 	C:\WINDOWS\SYSTEM32\CRYPTBASE.dll
0x00007ffc3e680000 - 0x00007ffc3e6ad000 	C:\WINDOWS\SYSTEM32\IPHLPAPI.DLL
0x00007ffc41150000 - 0x00007ffc41159000 	C:\WINDOWS\System32\NSI.dll
0x00007ffc38f70000 - 0x00007ffc38f89000 	C:\WINDOWS\SYSTEM32\dhcpcsvc6.DLL
0x00007ffc38f50000 - 0x00007ffc38f6f000 	C:\WINDOWS\SYSTEM32\dhcpcsvc.DLL
0x00007ffc3e6f0000 - 0x00007ffc3e7e8000 	C:\WINDOWS\SYSTEM32\DNSAPI.dll
0x00007ffc26d80000 - 0x00007ffc26fb2000 	C:\WINDOWS\SYSTEM32\dbghelp.dll
0x00007ffc41e50000 - 0x00007ffc41f27000 	C:\WINDOWS\System32\OLEAUT32.dll

VM Arguments:
jvm_args: -Djava.security.manager=worker.org.gradle.process.internal.worker.child.BootstrapSecurityManager -Dfile.encoding=windows-1252 -Duser.country=ES -Duser.language=es -Duser.variant 
java_command: worker.org.gradle.process.internal.worker.GradleWorkerMain 'Gradle Worker Daemon 1'
java_class_path (initial): C:\Users\anagq\.gradle\caches\4.10.2\workerMain\gradle-worker.jar
Launcher Type: SUN_STANDARD

Environment Variables:
JAVA_HOME=C:\Program Files\Java\jdk-1.8
PATH=C:/Program Files/Java/jre1.8.0_421/bin/server;C:/Program Files/Java/jre1.8.0_421/bin;C:/Program Files/Java/jre1.8.0_421/lib/amd64;C:\Program Files\Common Files\Oracle\Java\javapath;C:\Program Files (x86)\Common Files\Oracle\Java\java8path;C:\Program Files (x86)\Common Files\Oracle\Java\javapath;C:\WINDOWS\system32;C:\WINDOWS;C:\WINDOWS\System32\Wbem;C:\WINDOWS\System32\WindowsPowerShell\v1.0\;C:\WINDOWS\System32\OpenSSH\;C:\Program Files\Java\jdk-1.8\bin;C:\Program Files\AutoFirmaJA\AutoFirmaJA;C:\Program Files (x86)\Microsoft SQL Server\160\Tools\Binn\;C:\Program Files\Microsoft SQL Server\160\Tools\Binn\;C:\Program Files\Microsoft SQL Server\Client SDK\ODBC\170\Tools\Binn\;C:\Program Files\Microsoft SQL Server\160\DTS\Binn\;C:\Program Files (x86)\Microsoft SQL Server\160\DTS\Binn\;C:\Program Files\Microsoft SQL Server\150\Tools\Binn\;C:\Program Files\Microsoft SQL Server\130\DTS\Binn\;C:\Program Files\Microsoft SQL Server\140\DTS\Binn\;C:\Program Files\Microsoft SQL Server\150\DTS\Binn\;;C:\Users\anagq\.jpm\windows\bin;C:\Users\anagq\AppData\Local\Programs\Python\Python312\Scripts\;C:\Users\anagq\AppData\Local\Programs\Python\Python312\;C:\Users\anagq\AppData\Local\Programs\Python\Launcher\;C:\Users\anagq\AppData\Local\Microsoft\WindowsApps;C:\Users\anagq\AppData\Local\Programs\Microsoft VS Code\bin;C:\liferay\IDE\Eclipse-2\liferay-developer-studio;
USERNAME=anagq
OS=Windows_NT
PROCESSOR_IDENTIFIER=Intel64 Family 6 Model 126 Stepping 5, GenuineIntel



---------------  S Y S T E M  ---------------

OS: Windows 11 , 64 bit Build 22621 (10.0.22621.3958)

CPU:total 4 (initial active 4) (2 cores per cpu, 2 threads per core) family 6 model 126 stepping 5, cmov, cx8, fxsr, mmx, sse, sse2, sse3, ssse3, sse4.1, sse4.2, popcnt, avx, avx2, aes, clmul, erms, 3dnowpref, lzcnt, ht, tsc, tscinvbit, bmi1, bmi2, adx

Memory: 4k page, physical 8172664k(521124k free), swap 33338488k(2048k free)

vm_info: Java HotSpot(TM) 64-Bit Server VM (25.421-b09) for windows-amd64 JRE (1.8.0_421-b09), built on Jun  5 2024 13:01:06 by "java_re" with MS VC++ 17.6 (VS2022)

time: Tue Sep 17 11:40:43 2024
timezone: Hora de verano romance
elapsed time: 1.463208 seconds (0d 0h 0m 1s)

